2025-01-25 12:37:52 [info]: welcome home page
2025-01-25 13:25:36 [info]: welcome home page
2025-01-25 13:29:15 [info]: welcome home page
2025-01-25 13:29:25 [info]: welcome home page
2025-01-25 13:29:27 [info]: welcome home page
2025-01-25 14:07:37 [info]: welcome home page
2025-01-25 14:07:40 [info]: welcome home page
2025-01-25 14:07:43 [info]: welcome home page
2025-01-25 15:12:34 [error]: Error: Simulated error
    at errorController (/src/controller.js:23:15)
    at Layer.handle [as handle_request] (/src/node_modules/express/lib/router/layer.js:95:5)
    at next (/src/node_modules/express/lib/router/route.js:149:13)
    at Route.dispatch (/src/node_modules/express/lib/router/route.js:119:3)
    at Layer.handle [as handle_request] (/src/node_modules/express/lib/router/layer.js:95:5)
    at /src/node_modules/express/lib/router/index.js:284:15
    at Function.process_params (/src/node_modules/express/lib/router/index.js:346:12)
    at next (/src/node_modules/express/lib/router/index.js:280:10)
    at expressInit (/src/node_modules/express/lib/middleware/init.js:40:5)
    at Layer.handle [as handle_request] (/src/node_modules/express/lib/router/layer.js:95:5)
{"level":"error","message":"Error occurred Simulated error","stack":"Error: Simulated error\n    at errorController (/src/controller.js:23:15)\n    at Layer.handle [as handle_request] (/src/node_modules/express/lib/router/layer.js:95:5)\n    at next (/src/node_modules/express/lib/router/route.js:149:13)\n    at Route.dispatch (/src/node_modules/express/lib/router/route.js:119:3)\n    at Layer.handle [as handle_request] (/src/node_modules/express/lib/router/layer.js:95:5)\n    at /src/node_modules/express/lib/router/index.js:284:15\n    at Function.process_params (/src/node_modules/express/lib/router/index.js:346:12)\n    at next (/src/node_modules/express/lib/router/index.js:280:10)\n    at expressInit (/src/node_modules/express/lib/middleware/init.js:40:5)\n    at Layer.handle [as handle_request] (/src/node_modules/express/lib/router/layer.js:95:5)","timestamp":"2025-01-25 15:21:25"}
{"level":"info","message":"welcome home page","timestamp":"2025-01-25 15:22:21"}
{"level":"info","message":"welcome home page","timestamp":"2025-01-25 15:24:46"}
{"level":"info","message":"welcome Post page","timestamp":"2025-01-25 15:25:18"}
{"level":"info","message":"welcome Post page","timestamp":"2025-01-25 15:37:30"}
{"level":"info","message":"welcome Post page","timestamp":"2025-01-25 15:46:08"}
